Arguments: 
  /Users/tristan/.nvm/versions/node/v8.4.0/bin/node /usr/local/Cellar/yarn/0.27.5_1/libexec/bin/yarn.js add -D babel-plugin-transform-object-rest-spread babel-preset-stage-0 node-sass raw-loader babel-core babel-eslint babel-loader babel-plugin-transform-runtime css-raw-loader eslint eslint-plugin-prefer-object-spread html-loader html-webpack-plugin sass-loader webpack webpack-dev-server

PATH: 
  /Users/tristan/.nvm/versions/node/v8.4.0/bin:/usr/local/bin:/usr/bin:/bin:/usr/sbin:/sbin:/usr/local/Cellar/node/7.5.0/bin

Yarn version: 
  0.27.5

Node version: 
  8.4.0

Platform: 
  darwin x64

npm manifest: 
  {
    "name": "wc-router",
    "version": "0.0.1",
    "description": "A dynamic router for SPA's using Web Component's custom elements",
    "main": "index.js",
    "repository": "https://github.com/tristanMatthias/wc-router.git",
    "author": "Tristan Matthias <hello@tristanmatthias.com>",
    "license": "MIT"
  }

yarn manifest: 
  No manifest

Lockfile: 
  No lockfile

Trace: 
  Error: https://registry.yarnpkg.com/babel-core: ETIMEDOUT
      at Timeout._onTimeout (/usr/local/Cellar/yarn/0.27.5_1/libexec/lib/yarn-cli.js:114906:19)
      at ontimeout (timers.js:469:11)
      at tryOnTimeout (timers.js:304:5)
      at Timer.listOnTimeout (timers.js:264:5)
